c:\users\administrator\documents\documents waning'\main\dll2\release\dll.pch
c:\users\administrator\documents\documents waning'\main\dll2\release\vc142.pdb
c:\users\administrator\documents\documents waning'\main\dll2\release\pch.obj
c:\users\administrator\documents\documents waning'\main\dll2\release\progressbar.obj
c:\users\administrator\documents\documents waning'\main\dll2\release\menu.obj
c:\users\administrator\documents\documents waning'\main\dll2\release\dllmain.obj
c:\users\administrator\documents\documents waning'\main\dll2\release\button.obj
c:\users\administrator\documents\documents waning'\valorantsource\dll2\release\dll.pch
c:\users\administrator\documents\documents waning'\valorantsource\dll2\release\vc142.pdb
c:\users\administrator\documents\documents waning'\valorantsource\dll2\release\pch.obj
c:\users\administrator\documents\documents waning'\valorantsource\dll2\release\progressbar.obj
c:\users\administrator\documents\documents waning'\valorantsource\dll2\release\menu.obj
c:\users\administrator\documents\documents waning'\valorantsource\dll2\release\dllmain.obj
c:\users\administrator\documents\documents waning'\valorantsource\dll2\release\button.obj
c:\users\administrator\documents\documents waning'\main\release\dll.dll
c:\users\administrator\documents\documents waning'\main\dll2\release\dll.iobj
c:\users\administrator\documents\documents waning'\main\release\dll.pdb
c:\users\administrator\documents\documents waning'\valorantsource\release\dll.dll
c:\users\administrator\documents\documents waning'\valorantsource\dll2\release\dll.ipdb
c:\users\administrator\documents\documents waning'\valorantsource\dll2\release\dll.iobj
c:\users\administrator\documents\documents waning'\valorantsource\release\dll.pdb
c:\users\administrator\documents\documents waning'\valorantsource\dll2\release\dll.tlog\cl.command.1.tlog
c:\users\administrator\documents\documents waning'\valorantsource\dll2\release\dll.tlog\cl.read.1.tlog
c:\users\administrator\documents\documents waning'\valorantsource\dll2\release\dll.tlog\cl.write.1.tlog
c:\users\administrator\documents\documents waning'\valorantsource\dll2\release\dll.tlog\link.command.1.tlog
c:\users\administrator\documents\documents waning'\valorantsource\dll2\release\dll.tlog\link.read.1.tlog
c:\users\administrator\documents\documents waning'\valorantsource\dll2\release\dll.tlog\link.write.1.tlog
